/images               (Status: 301) [Size: 185] [--> http://helpdesk.delivery.htb/images/]
/logo.php             (Status: 302) [Size: 0] [--> /assets/default/images/logo.png]
/login.php            (Status: 422) [Size: 5181]
/index.php            (Status: 200) [Size: 4933]
/profile.php          (Status: 422) [Size: 5181]
/view.php             (Status: 200) [Size: 5263]
/pages                (Status: 301) [Size: 185] [--> http://helpdesk.delivery.htb/pages/]
/apps                 (Status: 301) [Size: 185] [--> http://helpdesk.delivery.htb/apps/]
/assets               (Status: 301) [Size: 185] [--> http://helpdesk.delivery.htb/assets/]
/account.php          (Status: 200) [Size: 37319]
/css                  (Status: 301) [Size: 185] [--> http://helpdesk.delivery.htb/css/]
/ajax.php             (Status: 400) [Size: 17]
/includes             (Status: 403) [Size: 169]
/includes.php         (Status: 403) [Size: 169]
/includes.txt         (Status: 403) [Size: 169]
/includes.md          (Status: 403) [Size: 169]
/js                   (Status: 301) [Size: 185] [--> http://helpdesk.delivery.htb/js/]
/kb                   (Status: 301) [Size: 185] [--> http://helpdesk.delivery.htb/kb/]
/api                  (Status: 301) [Size: 185] [--> http://helpdesk.delivery.htb/api/]
/include.txt          (Status: 403) [Size: 169]
/include.md           (Status: 403) [Size: 169]
/include              (Status: 403) [Size: 169]
/include.php          (Status: 403) [Size: 169]
/logout.php           (Status: 302) [Size: 13] [--> index.php]
/open.php             (Status: 200) [Size: 8133]
/avatar.php           (Status: 400) [Size: 40]
/manage.php           (Status: 200) [Size: 63]
/tickets.php          (Status: 422) [Size: 5181]
/captcha.php          (Status: 200) [Size: 2112]
/scp                  (Status: 301) [Size: 185] [--> http://helpdesk.delivery.htb/scp/]
/offline.php          (Status: 302) [Size: 0] [--> index.php]
/included             (Status: 403) [Size: 169]
/included.php         (Status: 403) [Size: 169]
/included.txt         (Status: 403) [Size: 169]
/included.md          (Status: 403) [Size: 169]
/bootstrap.php        (Status: 200) [Size: 0]
/includemanager       (Status: 403) [Size: 169]
/includemanager.php   (Status: 403) [Size: 169]
/includemanager.txt   (Status: 403) [Size: 169]
/includemanager.md    (Status: 403) [Size: 169]
/includedcontent.txt  (Status: 403) [Size: 169]
/includedcontent      (Status: 403) [Size: 169]
/includedcontent.md   (Status: 403) [Size: 169]
/includedcontent.php  (Status: 403) [Size: 169]
